Info: Nothing to build for TP_[1]
Info: Nothing to build for TP_[1]
Info: Nothing to build for TP_[1]
Info: Nothing to build for TP_[1]
13:08:47 **** Incremental Build of configuration Debug for project TP_[1] ****
Info: Internal Builder is used for build
gcc -O0 -g3 -Wall -c -fmessage-length=0 -o "src\\operaciones-matematicas.o" "..\\src\\operaciones-matematicas.c" 
gcc -o TP_[1].exe "src\\TP_[1].o" "src\\inputs.o" "src\\operaciones-matematicas.o" "src\\validaciones.o" 
Info: Nothing to build for TP_[1]
13:11:24 **** Incremental Build of configuration Debug for project TP_[1] ****
Info: Internal Builder is used for build
gcc -O0 -g3 -Wall -c -fmessage-length=0 -o "src\\operaciones-matematicas.o" "..\\src\\operaciones-matematicas.c" 
gcc -o TP_[1].exe "src\\TP_[1].o" "src\\inputs.o" "src\\operaciones-matematicas.o" "src\\validaciones.o" 
13:18:05 **** Incremental Build of configuration Debug for project TP_[1] ****
Info: Internal Builder is used for build
gcc -O0 -g3 -Wall -c -fmessage-length=0 -o "src\\operaciones-matematicas.o" "..\\src\\operaciones-matematicas.c" 
gcc -o TP_[1].exe "src\\TP_[1].o" "src\\inputs.o" "src\\operaciones-matematicas.o" "src\\validaciones.o" 
Info: Nothing to build for TP_[1]
13:21:31 **** Incremental Build of configuration Debug for project TP_[1] ****
Info: Internal Builder is used for build
gcc -O0 -g3 -Wall -c -fmessage-length=0 -o "src\\TP_[1].o" "..\\src\\TP_[1].c" 
gcc -o TP_[1].exe "src\\TP_[1].o" "src\\inputs.o" "src\\operaciones-matematicas.o" "src\\validaciones.o" 
13:29:01 **** Incremental Build of configuration Debug for project TP_[1] ****
Info: Internal Builder is used for build
gcc -O0 -g3 -Wall -c -fmessage-length=0 -o "src\\TP_[1].o" "..\\src\\TP_[1].c" 
gcc -O0 -g3 -Wall -c -fmessage-length=0 -o "src\\operaciones-matematicas.o" "..\\src\\operaciones-matematicas.c" 
gcc -o TP_[1].exe "src\\TP_[1].o" "src\\inputs.o" "src\\operaciones-matematicas.o" "src\\validaciones.o" 
Info: Nothing to build for TP_[1]
13:32:52 **** Incremental Build of configuration Debug for project TP_[1] ****
Info: Internal Builder is used for build
gcc -O0 -g3 -Wall -c -fmessage-length=0 -o "src\\operaciones-matematicas.o" "..\\src\\operaciones-matematicas.c" 
gcc -o TP_[1].exe "src\\TP_[1].o" "src\\inputs.o" "src\\operaciones-matematicas.o" "src\\validaciones.o" 
13:36:15 **** Incremental Build of configuration Debug for project TP_[1] ****
Info: Internal Builder is used for build
gcc -O0 -g3 -Wall -c -fmessage-length=0 -o "src\\operaciones-matematicas.o" "..\\src\\operaciones-matematicas.c" 
gcc -o TP_[1].exe "src\\TP_[1].o" "src\\inputs.o" "src\\operaciones-matematicas.o" "src\\validaciones.o" 
13:38:39 **** Incremental Build of configuration Debug for project TP_[1] ****
Info: Internal Builder is used for build
gcc -O0 -g3 -Wall -c -fmessage-length=0 -o "src\\operaciones-matematicas.o" "..\\src\\operaciones-matematicas.c" 
gcc -o TP_[1].exe "src\\TP_[1].o" "src\\inputs.o" "src\\operaciones-matematicas.o" "src\\validaciones.o" 
13:45:30 **** Incremental Build of configuration Debug for project TP_[1] ****
Info: Internal Builder is used for build
gcc -O0 -g3 -Wall -c -fmessage-length=0 -o "src\\operaciones-matematicas.o" "..\\src\\operaciones-matematicas.c" 
gcc -o TP_[1].exe "src\\TP_[1].o" "src\\inputs.o" "src\\operaciones-matematicas.o" "src\\validaciones.o" 
14:11:24 **** Incremental Build of configuration Debug for project TP_[1] ****
Info: Internal Builder is used for build
gcc -O0 -g3 -Wall -c -fmessage-length=0 -o "src\\TP_[1].o" "..\\src\\TP_[1].c" 
gcc -o TP_[1].exe "src\\TP_[1].o" "src\\inputs.o" "src\\operaciones-matematicas.o" "src\\validaciones.o" 
Info: Nothing to build for TP_[1]
17:11:36 **** Incremental Build of configuration Debug for project TP_[1] ****
Info: Internal Builder is used for build
gcc -O0 -g3 -Wall -c -fmessage-length=0 -o "src\\TP_[1].o" "..\\src\\TP_[1].c" 
gcc -O0 -g3 -Wall -c -fmessage-length=0 -o "src\\validaciones.o" "..\\src\\validaciones.c" 
gcc -O0 -g3 -Wall -c -fmessage-length=0 -o "src\\inputs.o" "..\\src\\inputs.c" 
gcc -O0 -g3 -Wall -c -fmessage-length=0 -o "src\\operaciones-matematicas.o" "..\\src\\operaciones-matematicas.c" 
gcc -o TP_[1].exe "src\\TP_[1].o" "src\\inputs.o" "src\\operaciones-matematicas.o" "src\\validaciones.o" 
Info: Nothing to build for TP_[1]
